This is pdfeTeX, Version 3.141592-1.21a-2.2 (Web2C 7.5.4) (format=latex 2006.6.25)  24 AUG 2006 11:57
entering extended mode
**clusterv-manual.tex
(./clusterv-manual.tex
LaTeX2e <2003/12/01>
Babel <v3.8d> and hyphenation patterns for american, french, german, ngerman, b
ahasa, basque, bulgarian, catalan, croatian, czech, danish, dutch, esperanto, e
stonian, finnish, greek, icelandic, irish, italian, latin, magyar, norsk, polis
h, portuges, romanian, russian, serbian, slovak, slovene, spanish, swedish, tur
kish, ukrainian, nohyphenation, loaded.
(/usr/share/texmf/tex/latex/base/article.cls
Document Class: article 2004/02/16 v1.4f Standard LaTeX document class
(/usr/share/texmf/tex/latex/base/size10.clo
File: size10.clo 2004/02/16 v1.4f Standard LaTeX file (size option)
)
\c@part=\count79
\c@section=\count80
\c@subsection=\count81
\c@subsubsection=\count82
\c@paragraph=\count83
\c@subparagraph=\count84
\c@figure=\count85
\c@table=\count86
\abovecaptionskip=\skip41
\belowcaptionskip=\skip42
\bibindent=\dimen102
) (./Rd.sty
Package: Rd 

(/usr/share/texmf/tex/latex/base/ifthen.sty
Package: ifthen 2001/05/26 v1.1c Standard LaTeX ifthen package (DPC)
)
(/usr/share/texmf/tex/latex/tools/longtable.sty
Package: longtable 2004/02/01 v4.11 Multi-page Table package (DPC)
\LTleft=\skip43
\LTright=\skip44
\LTpre=\skip45
\LTpost=\skip46
\LTchunksize=\count87
\LTcapwidth=\dimen103
\LT@head=\box26
\LT@firsthead=\box27
\LT@foot=\box28
\LT@lastfoot=\box29
\LT@cols=\count88
\LT@rows=\count89
\c@LT@tables=\count90
\c@LT@chunks=\count91
\LT@p@ftn=\toks14
)
(/usr/share/texmf/tex/latex/tools/bm.sty
Package: bm 2004/02/26 v1.1c Bold Symbol Support (DPC/FMi)
\symboldoperators=\mathgroup4
\symboldletters=\mathgroup5
\symboldsymbols=\mathgroup6
LaTeX Font Info:    Redeclaring math alphabet \mathbf on input line 137.
LaTeX Info: Redefining \bm on input line 203.
)
(/usr/share/texmf/tex/latex/base/alltt.sty
Package: alltt 1997/06/16 v2.0g defines alltt environment
)
(/usr/share/texmf/tex/latex/tools/verbatim.sty
Package: verbatim 2003/08/22 v1.5q LaTeX2e package for verbatim enhancements
\every@verbatim=\toks15
\verbatim@line=\toks16
\verbatim@in@stream=\read1
)
(/usr/share/texmf/tex/latex/html/url.sty
Package: url 1999/03/02  ver 1.4  Verb mode for urls, email addresses, and file
 names
)
(/usr/share/texmf/tex/latex/upquote/upquote.sty
Package: upquote 2003/08/11 v1.1 Covington's upright-quote modification to verb
atim and verb

(/usr/share/texmf/tex/latex/base/textcomp.sty
Package: textcomp 2004/02/22 v1.99f Standard LaTeX package
Package textcomp Info: Sub-encoding information:
(textcomp)               5 = only ISO-Adobe without \textcurrency
(textcomp)               4 = 5 + \texteuro
(textcomp)               3 = 4 + \textohm
(textcomp)               2 = 3 + \textestimated + \textcurrency
(textcomp)               1 = TS1 - \textcircled - \t
(textcomp)               0 = TS1 (full)
(textcomp)             Font families with sub-encoding setting implement
(textcomp)             only a restricted character set as indicated.
(textcomp)             Family '?' is the default used for unknown fonts.
(textcomp)             See the documentation for details.
Package textcomp Info: Setting ? sub-encoding to TS1/1 on input line 71.

(/usr/share/texmf/tex/latex/base/ts1enc.def
File: ts1enc.def 2001/06/05 v3.0e (jk/car/fm) Standard LaTeX file
)
LaTeX Info: Redefining \oldstylenums on input line 266.
Package textcomp Info: Setting cmr sub-encoding to TS1/0 on input line 281.
Package textcomp Info: Setting cmss sub-encoding to TS1/0 on input line 282.
Package textcomp Info: Setting cmtt sub-encoding to TS1/0 on input line 283.
Package textcomp Info: Setting cmvtt sub-encoding to TS1/0 on input line 284.
Package textcomp Info: Setting cmbr sub-encoding to TS1/0 on input line 285.
Package textcomp Info: Setting cmtl sub-encoding to TS1/0 on input line 286.
Package textcomp Info: Setting ccr sub-encoding to TS1/0 on input line 287.
Package textcomp Info: Setting ptm sub-encoding to TS1/4 on input line 288.
Package textcomp Info: Setting pcr sub-encoding to TS1/4 on input line 289.
Package textcomp Info: Setting phv sub-encoding to TS1/4 on input line 290.
Package textcomp Info: Setting ppl sub-encoding to TS1/3 on input line 291.
Package textcomp Info: Setting pag sub-encoding to TS1/4 on input line 292.
Package textcomp Info: Setting pbk sub-encoding to TS1/4 on input line 293.
Package textcomp Info: Setting pnc sub-encoding to TS1/4 on input line 294.
Package textcomp Info: Setting pzc sub-encoding to TS1/4 on input line 295.
Package textcomp Info: Setting bch sub-encoding to TS1/4 on input line 296.
Package textcomp Info: Setting put sub-encoding to TS1/5 on input line 297.
Package textcomp Info: Setting uag sub-encoding to TS1/5 on input line 298.
Package textcomp Info: Setting ugq sub-encoding to TS1/5 on input line 299.
Package textcomp Info: Setting ul8 sub-encoding to TS1/4 on input line 300.
Package textcomp Info: Setting ul9 sub-encoding to TS1/4 on input line 301.
Package textcomp Info: Setting augie sub-encoding to TS1/5 on input line 302.
Package textcomp Info: Setting dayrom sub-encoding to TS1/3 on input line 303.
Package textcomp Info: Setting dayroms sub-encoding to TS1/3 on input line 304.

Package textcomp Info: Setting pxr sub-encoding to TS1/0 on input line 305.
Package textcomp Info: Setting pxss sub-encoding to TS1/0 on input line 306.
Package textcomp Info: Setting pxtt sub-encoding to TS1/0 on input line 307.
Package textcomp Info: Setting txr sub-encoding to TS1/0 on input line 308.
Package textcomp Info: Setting txss sub-encoding to TS1/0 on input line 309.
Package textcomp Info: Setting txtt sub-encoding to TS1/0 on input line 310.
Package textcomp Info: Setting futs sub-encoding to TS1/4 on input line 311.
Package textcomp Info: Setting futx sub-encoding to TS1/4 on input line 312.
Package textcomp Info: Setting futj sub-encoding to TS1/4 on input line 313.
Package textcomp Info: Setting hlh sub-encoding to TS1/3 on input line 314.
Package textcomp Info: Setting hls sub-encoding to TS1/3 on input line 315.
Package textcomp Info: Setting hlst sub-encoding to TS1/3 on input line 316.
Package textcomp Info: Setting hlct sub-encoding to TS1/5 on input line 317.
Package textcomp Info: Setting hlx sub-encoding to TS1/5 on input line 318.
Package textcomp Info: Setting hlce sub-encoding to TS1/5 on input line 319.
Package textcomp Info: Setting hlcn sub-encoding to TS1/5 on input line 320.
Package textcomp Info: Setting hlcw sub-encoding to TS1/5 on input line 321.
Package textcomp Info: Setting hlcf sub-encoding to TS1/5 on input line 322.
Package textcomp Info: Setting pplx sub-encoding to TS1/3 on input line 323.
Package textcomp Info: Setting pplj sub-encoding to TS1/3 on input line 324.
Package textcomp Info: Setting ptmx sub-encoding to TS1/4 on input line 325.
Package textcomp Info: Setting ptmj sub-encoding to TS1/4 on input line 326.
))
\ldescriptionwidth=\skip47

(/usr/share/texmf/tex/latex/base/fontenc.sty
Package: fontenc 2004/02/22 v1.99f Standard LaTeX package

(/usr/share/texmf/tex/latex/base/t1enc.def
File: t1enc.def 2004/02/22 v1.99f Standard LaTeX file
LaTeX Font Info:    Redeclaring font encoding T1 on input line 43.
))
(/usr/share/texmf/tex/latex/ae/ae.sty
Package: ae 2001/02/12 1.3 Almost European Computer Modern

(/usr/share/texmf/tex/latex/base/fontenc.sty
Package: fontenc 2004/02/22 v1.99f Standard LaTeX package

(/usr/share/texmf/tex/latex/base/t1enc.def
File: t1enc.def 2004/02/22 v1.99f Standard LaTeX file
LaTeX Font Info:    Redeclaring font encoding T1 on input line 43.
)
LaTeX Font Info:    Try loading font information for T1+aer on input line 100.

(/usr/share/texmf/tex/latex/ae/t1aer.fd
File: t1aer.fd 1997/11/16 Font definitions for T1/aer.
)))
(/usr/share/texmf/tex/latex/ae/t1aett.fd
File: t1aett.fd 1997/11/16 Font definitions for T1/aett.
) NOT loading times
NOT loading lmodern (/usr/share/texmf/tex/latex/graphics/color.sty
Package: color 1999/02/16 v1.0i Standard LaTeX Color (DPC)

(/usr/share/texmf/tex/latex/graphics/color.cfg
File: color.cfg 2005/02/03 v1.3 color configuration of teTeX/TeXLive
)
Package color Info: Driver file: dvips.def on input line 125.

(/usr/share/texmf/tex/latex/graphics/dvips.def
File: dvips.def 1999/02/16 v3.0i Driver-dependant file (DPC,SPQR)
)
(/usr/share/texmf/tex/latex/graphics/dvipsnam.def
File: dvipsnam.def 1999/02/16 v3.0i Driver-dependant file (DPC,SPQR)
))
(/usr/share/texmf/tex/latex/hyperref/hyperref.sty
Package: hyperref 2003/11/30 v6.74m Hypertext links for LaTeX

(/usr/share/texmf/tex/latex/graphics/keyval.sty
Package: keyval 1999/03/16 v1.13 key=value parser (DPC)
\KV@toks@=\toks17
)
\@linkdim=\dimen104
\Hy@linkcounter=\count92
\Hy@pagecounter=\count93

(/usr/share/texmf/tex/latex/hyperref/pd1enc.def
File: pd1enc.def 2003/11/30 v6.74m Hyperref: PDFDocEncoding definition (HO)
)
(/usr/share/texmf/tex/latex/hyperref/hyperref.cfg
File: hyperref.cfg 2002/06/06 v1.2 hyperref configuration of TeXLive and teTeX
)
Package hyperref Info: Hyper figures OFF on input line 1880.
Package hyperref Info: Link nesting OFF on input line 1885.
Package hyperref Info: Hyper index ON on input line 1888.
Package hyperref Info: Plain pages ON on input line 1893.
Package hyperref Info: Backreferencing OFF on input line 1900.

Implicit mode ON; LaTeX internals redefined
Package hyperref Info: Bookmarks ON on input line 2004.
LaTeX Info: Redefining \href on input line 2130.
LaTeX Info: Redefining \url on input line 2143.
\Fld@menulength=\count94
\Field@Width=\dimen105
\Fld@charsize=\dimen106
\Choice@toks=\toks18
\Field@toks=\toks19
Package hyperref Info: Hyper figures OFF on input line 2618.
Package hyperref Info: Link nesting OFF on input line 2623.
Package hyperref Info: Hyper index ON on input line 2626.
Package hyperref Info: backreferencing OFF on input line 2633.
Package hyperref Info: Link coloring OFF on input line 2638.
\c@Item=\count95
\c@Hfootnote=\count96
)
*hyperref using default driver hdvips*
(/usr/share/texmf/tex/latex/hyperref/hdvips.def
File: hdvips.def 2003/11/30 v6.74m Hyperref driver for dvips

(/usr/share/texmf/tex/latex/hyperref/pdfmark.def
File: pdfmark.def 2003/11/30 v6.74m Hyperref definitions for pdfmark specials
\pdf@docset=\toks20
\pdf@box=\box30
\pdf@toks=\toks21
\pdf@defaulttoks=\toks22
\Fld@listcount=\count97
\@outlinefile=\write3
))

Package hyperref Warning: Option `hyperindex' has already been used,
(hyperref)                setting the option has no effect on input line 312.

Package hyperref Info: Option `colorlinks' set `true' on input line 312.

Package hyperref Warning: Option `pagebackref' has already been used,
(hyperref)                setting the option has no effect on input line 312.

Package hyperref Info: Option `linktocpage' set `true' on input line 312.
Package hyperref Info: Option `plainpages' set `false' on input line 312.
) (./clusterv-manual.aux)
\openout1 = `clusterv-manual.aux'.

LaTeX Font Info:    Checking defaults for OML/cmm/m/it on input line 3.
LaTeX Font Info:    ... okay on input line 3.
LaTeX Font Info:    Checking defaults for T1/cmr/m/n on input line 3.
LaTeX Font Info:    ... okay on input line 3.
LaTeX Font Info:    Checking defaults for OT1/cmr/m/n on input line 3.
LaTeX Font Info:    ... okay on input line 3.
LaTeX Font Info:    Checking defaults for OMS/cmsy/m/n on input line 3.
LaTeX Font Info:    ... okay on input line 3.
LaTeX Font Info:    Checking defaults for OMX/cmex/m/n on input line 3.
LaTeX Font Info:    ... okay on input line 3.
LaTeX Font Info:    Checking defaults for U/cmr/m/n on input line 3.
LaTeX Font Info:    ... okay on input line 3.
LaTeX Font Info:    Checking defaults for TS1/cmr/m/n on input line 3.
LaTeX Font Info:    Try loading font information for TS1+cmr on input line 3.
 (/usr/share/texmf/tex/latex/base/ts1cmr.fd
File: ts1cmr.fd 1999/05/25 v2.5h Standard LaTeX font definitions
)
LaTeX Font Info:    ... okay on input line 3.
LaTeX Font Info:    Checking defaults for PD1/pdf/m/n on input line 3.
LaTeX Font Info:    ... okay on input line 3.
Package hyperref Info: Link coloring ON on input line 3.

(/usr/share/texmf/tex/latex/hyperref/nameref.sty
Package: nameref 2003/12/03 v2.21 Cross-referencing by name of section
\c@section@level=\count98
)
LaTeX Info: Redefining \ref on input line 3.
LaTeX Info: Redefining \pageref on input line 3.
 (./clusterv-manual.out)
(./clusterv-manual.out)
\openout3 = `clusterv-manual.out'.


Underfull \hbox (badness 10000) in paragraph at lines 16--17

 []

LaTeX Font Info:    External font `cmex10' loaded for size
(Font)              <7> on input line 29.
LaTeX Font Info:    External font `cmex10' loaded for size
(Font)              <5> on input line 29.
[1

] (./clusterv-manual.toc)
\tf@toc=\write4
\openout4 = `clusterv-manual.toc'.

 [2] [3

]
Overfull \hbox (144.49988pt too wide) in paragraph at lines 91--91
 []\T1/aett/m/n/10 generate.sample.h2(n = 20, l = 8, Delta.h = 2, Delta.v = 1, 
sd = 0.1, with.I.II.level.examples = FALSE)[] 
 []


Overfull \hbox (33.93025pt too wide) in paragraph at lines 114--114
 []\T1/aett/m/n/9 # data have a three-level hierarchical structure with respect
ively 3 and 6 and 12 clusters.[] 
 []

[4]
Overfull \hbox (49.75536pt too wide) in paragraph at lines 166--169
[]\T1/aer/m/n/10 Random gen-er-a-tion of a ma-trix of n columns with with di-ag
-o-nal co-vari-ance ma-trix (rand.norm.generate)
 []

[5] [6] [7]
Overfull \hbox (26.69376pt too wide) in paragraph at lines 276--278
[][][][][][][]\T1/aer/m/n/10 , [][][][][][], [][][][][][],
 []


Overfull \hbox (15.06654pt too wide) in paragraph at lines 281--281
 []\T1/aett/m/n/9 # Computation of the stability indices found out by a hierarc
hical clustering algorithm[] 
 []

[8]
Overfull \hbox (8.26013pt too wide) in paragraph at lines 339--339
 []\T1/aett/m/n/10 Multiple.Random.kmeans(M, dim, pmethod = "PMO", c = 3, n = 5
0, it.max = 1000,[] 
 []

[9]
Overfull \hbox (0.91876pt too wide) in paragraph at lines 374--374
 []\T1/aett/m/n/9 # The same as above, using PMO projections, but with the numb
er of clusters set to 5[] 
 []

[10]
Overfull \hbox (15.06654pt too wide) in paragraph at lines 423--423
 []\T1/aett/m/n/9 # features of the examples of the first class  centered in 0,
 the 200 no-noisy features[] 
 []


Overfull \hbox (15.06654pt too wide) in paragraph at lines 425--425
 []\T1/aett/m/n/9 # the examples of the third class  centered in -2, and the 20
0 no-noisy features of the[] 
 []

[11] [12]
Overfull \hbox (0.91876pt too wide) in paragraph at lines 476--476
 []\T1/aett/m/n/9 # The same as above, using PMO projections, but with the numb
er of clusters set to 7[] 
 []

[13]
Overfull \hbox (16.70297pt too wide) in paragraph at lines 547--550
\T1/aer/m/n/10 The pro-jec-tion is per-formed us-ing a pro-jec-tion ma-trix R s
.t. Prob(R[i,j]=sqrt(3))=Prob(R[i,j]=-
 []

[14]
Overfull \hbox (24.4984pt too wide) in paragraph at lines 591--591
 []\T1/aett/m/n/9 # Achlioptas random projection from a 1000 dimensional space 
to a 50-dimensional subspace[] 
 []


Overfull \hbox (38.64618pt too wide) in paragraph at lines 594--594
 []\T1/aett/m/n/9 # Achlioptas random projection from a 10000 dimensional space
 to a 1000-dimensional subspace[] 
 []

[15]
Overfull \hbox (1.61102pt too wide) in paragraph at lines 624--631
[] \T1/aer/m/it/10 Ran-dom Sub-space (RS) \T1/aer/m/n/10 are ran-dom-ized maps 
rep-re-sented by $\OML/cmm/m/it/10 d[] \OMS/cmsy/m/n/10 ^^B \OML/cmm/m/it/10 d$
 \T1/aer/m/n/10 ma-tri-ces $\OML/cmm/m/it/10 R \OT1/cmr/m/n/10 = [](\OML/cmm/m/
it/10 r[]\OT1/cmr/m/n/10 )$\T1/aer/m/n/10 ,
 []

[16]
Overfull \hbox (8.26013pt too wide) in paragraph at lines 677--677
 []                             \T1/aett/m/n/10 scale = TRUE, seed = -1, distan
ce = "euclidean")[] 
 []

[17]
Overfull \hbox (0.91876pt too wide) in paragraph at lines 711--711
 []\T1/aett/m/n/9 # The same as above, using PMO projections, but with the numb
er of clusters set to 5[] 
 []

[18] [19] [20] [21]
Overfull \hbox (6.54384pt too wide) in paragraph at lines 882--884
[]\T1/aer/m/n/10 Max.Expansion, Min.Expansion, Av-er-age.Expansion, Max.Contrac
tion, Av-er-age.Contraction
 []

[22] [23] [24] [25] [26] [27]
Overfull \hbox (0.91876pt too wide) in paragraph at lines 1172--1172
 []\T1/aett/m/n/9 # The covariance matrix is the matrix with all  values differ
ent from 0 (equal to 3)[] 
 []


Overfull \hbox (34.46008pt too wide) in paragraph at lines 1193--1193
 []\T1/aett/m/n/10 Random.fuzzy.kmeans.validity(M, dim, pmethod = "PMO", c = 3,
 n = 50, scale = TRUE,[] 
 []

[28] [29] [30]
Overfull \hbox (18.74011pt too wide) in paragraph at lines 1303--1303
 []\T1/aett/m/n/10 Multiple.Random.hclustering(M, dim, pmethod = "RS", c = 3, h
method = "average",[] 
 []


Overfull \hbox (39.70007pt too wide) in paragraph at lines 1304--1304
 []                            \T1/aett/m/n/10 n = 50, scale = TRUE, seed = 100
, distance="euclidean")[] 
 []

[31]
Overfull \hbox (0.91876pt too wide) in paragraph at lines 1349--1349
 []\T1/aett/m/n/9 # The same as above, using PMO projections, but with the numb
er of clusters set to 5[] 
 []

[32] [33] [34]
Overfull \hbox (18.74011pt too wide) in paragraph at lines 1498--1498
 []\T1/aett/m/n/10 Random.hclustering.validity(M, dim, pmethod = "RS", c = 3, h
method = "average",[] 
 []


Overfull \hbox (86.85999pt too wide) in paragraph at lines 1499--1499
 []                            \T1/aett/m/n/10 n = 50, scale = TRUE, seed = 100
, AC=TRUE, distance="euclidean")[] 
 []

[35] [36] [37]
Overfull \hbox (8.20389pt too wide) in paragraph at lines 1652--1654
[][][][][][][]\T1/aer/m/n/10 , [][][][][][], [][][][][][] 
 []

[38]
Overfull \hbox (9.99316pt too wide) in paragraph at lines 1674--1676
\T1/aer/m/n/10 trix The pro-jec-tion is per-formed us-ing a pro-jec-tion ma-tri
x R s.t. Prob(R[i,j]=1)=Prob(R[i,j]=-
 []


Overfull \hbox (10.11844pt too wide) in paragraph at lines 1690--1693
[]\T1/aer/m/it/10 Plus-Minus-One (PMO) \T1/aer/m/n/10 ran-dom pro-jec-tions are
 rep-re-sented by $\OML/cmm/m/it/10 d[] \OMS/cmsy/m/n/10 ^^B \OML/cmm/m/it/10 d
$ \T1/aer/m/n/10 ma-tri-ces $\OML/cmm/m/it/10 R \OT1/cmr/m/n/10 = 1\OML/cmm/m/i
t/10 =[]\OT1/cmr/m/n/10 (\OML/cmm/m/it/10 r[]\OT1/cmr/m/n/10 )$\T1/aer/m/n/10 ,

 []

[39] [40]
Overfull \hbox (13.50012pt too wide) in paragraph at lines 1768--1768
 []\T1/aett/m/n/10 Achlioptas.hclustering.tree(M, dim, hmethod = "average", n =
 50, scale = TRUE,[] 
 []

[41]
Overfull \hbox (15.06654pt too wide) in paragraph at lines 1819--1819
 []\T1/aett/m/n/9 l <- Achlioptas.hclustering.tree(M, dim=100, hmethod = "avera
ge", n = 20, scale = TRUE)[] 
 []

[42] [43] [44] [45]
Overfull \hbox (60.66003pt too wide) in paragraph at lines 2006--2006
 []\T1/aett/m/n/10 generate.sample.h1(n = 20, l = 5, Delta.h = 1, sd = 0.1, wit
h.I.level.examples = FALSE)[] 
 []

[46]
Overfull \hbox (10.35062pt too wide) in paragraph at lines 2029--2029
 []\T1/aett/m/n/9 generate.sample.h1(n = 20, l = 5, Delta.h = 1, sd = 0.1, with
.I.level.examples = TRUE)[] 
 []

[47] [48]
Overfull \hbox (10.35062pt too wide) in paragraph at lines 2135--2135
 []\T1/aett/m/n/9 # dimension of the projected space that we need to obtain a t
heoretical 1.5 distortion[] 
 []


Overfull \hbox (10.35062pt too wide) in paragraph at lines 2138--2138
 []\T1/aett/m/n/9 # dimension of the projected space that we need to obtain a t
heoretical 1.2 distortion[] 
 []

[49] (./clusterv-manual.aux) ) 
Here is how much of TeX's memory you used:
 3302 strings out of 94501
 45013 string characters out of 1173692
 97505 words of memory out of 1000000
 6440 multiletter control sequences out of 10000+50000
 21866 words of font info for 35 fonts, out of 500000 for 2000
 580 hyphenation exceptions out of 1000
 37i,7n,34p,227b,483s stack positions out of 1500i,500n,5000p,200000b,5000s

Output written on clusterv-manual.dvi (49 pages, 268860 bytes).
