\BOOKMARK [1][-]{Rfn.generate.sample6.1}{generate.sample6}{}
\BOOKMARK [1][-]{Rfn.generate.sample.h2.1}{generate.sample.h2}{}
\BOOKMARK [1][-]{Rfn.generate.sample3.1}{generate.sample3}{}
\BOOKMARK [1][-]{Rfn.rand.norm.1}{rand.norm}{}
\BOOKMARK [1][-]{Rfn.generate.uniform.random.1}{generate.uniform.random}{}
\BOOKMARK [1][-]{Rfn.Validity.indices.1}{Validity.indices}{}
\BOOKMARK [1][-]{Rfn.Transform.vector.to.list.1}{Transform.vector.to.list}{}
\BOOKMARK [1][-]{Rfn.Multiple.Random.kmeans.1}{Multiple.Random.kmeans}{}
\BOOKMARK [1][-]{Rfn.generate.sample5.1}{generate.sample5}{}
\BOOKMARK [1][-]{Rfn.Multiple.Random.PAM.1}{Multiple.Random.PAM}{}
\BOOKMARK [1][-]{Rfn.Do.similarity.matrix.1}{Do.similarity.matrix}{}
\BOOKMARK [1][-]{Rfn.Achlioptas.random.projection.1}{Achlioptas.random.projection}{}
\BOOKMARK [1][-]{Rfn.random.subspace.1}{random.subspace}{}
\BOOKMARK [1][-]{Rfn.Multiple.Random.fuzzy.kmeans.1}{Multiple.Random.fuzzy.kmeans}{}
\BOOKMARK [1][-]{Rfn.Random.kmeans.validity.1}{Random.kmeans.validity}{}
\BOOKMARK [1][-]{Rfn.Generate.clusters.1}{Generate.clusters}{}
\BOOKMARK [1][-]{Rfn.Max.Expansion.1}{Max.Expansion}{}
\BOOKMARK [1][-]{Rfn.PMO.hclustering.1}{PMO.hclustering}{}
\BOOKMARK [1][-]{Rfn.generate.sample0.1}{generate.sample0}{}
\BOOKMARK [1][-]{Rfn.Random.PAM.validity.1}{Random.PAM.validity}{}
\BOOKMARK [1][-]{Rfn.random.component.selection.1}{random.component.selection}{}
\BOOKMARK [1][-]{Rfn.generate.sample1.1}{generate.sample1}{}
\BOOKMARK [1][-]{Rfn.Random.fuzzy.kmeans.validity.1}{Random.fuzzy.kmeans.validity}{}
\BOOKMARK [1][-]{Rfn.generate.sample.h3.1}{generate.sample.h3}{}
\BOOKMARK [1][-]{Rfn.Multiple.Random.hclustering.1}{Multiple.Random.hclustering}{}
\BOOKMARK [1][-]{Rfn.RS.hclustering.1}{RS.hclustering}{}
\BOOKMARK [1][-]{Rfn.Norm.hclustering.1}{Norm.hclustering}{}
\BOOKMARK [1][-]{Rfn.Random.hclustering.validity.1}{Random.hclustering.validity}{}
\BOOKMARK [1][-]{Rfn.generate.sample4.1}{generate.sample4}{}
\BOOKMARK [1][-]{Rfn.norm.random.projection.1}{norm.random.projection}{}
\BOOKMARK [1][-]{Rfn.Plus.Minus.One.random.projection.1}{Plus.Minus.One.random.projection}{}
\BOOKMARK [1][-]{Rfn.generate.sample7.1}{generate.sample7}{}
\BOOKMARK [1][-]{Rfn.Achlioptas.hclustering.1}{Achlioptas.hclustering}{}
\BOOKMARK [1][-]{Rfn.AC.index.1}{AC.index}{}
\BOOKMARK [1][-]{Rfn.generate.uniform.1}{generate.uniform}{}
\BOOKMARK [1][-]{Rfn.Cluster.validity.1}{Cluster.validity}{}
\BOOKMARK [1][-]{Rfn.generate.sample.h1.1}{generate.sample.h1}{}
\BOOKMARK [1][-]{Rfn.generate.sample2.1}{generate.sample2}{}
\BOOKMARK [1][-]{Rfn.JL.predict.dim.1}{JL.predict.dim}{}
